TN:
SF:src/L2VEAnyLocker.sol
FN:35,L2VEAnyLocker.lock
FNDA:0,L2VEAnyLocker.lock
DA:40,0
DA:40,0
BRDA:40,0,0,-
BRDA:40,0,1,-
DA:41,0
DA:41,0
DA:43,0
DA:43,0
DA:44,0
DA:44,0
DA:44,0
DA:45,0
DA:45,0
DA:47,0
DA:47,0
DA:48,0
DA:48,0
DA:50,0
DA:50,0
FN:53,L2VEAnyLocker.unlock
FNDA:0,L2VEAnyLocker.unlock
DA:54,0
DA:54,0
DA:56,0
DA:56,0
BRDA:56,1,0,-
BRDA:56,1,1,-
DA:57,0
DA:57,0
BRDA:57,2,0,-
BRDA:57,2,1,-
DA:58,0
DA:58,0
BRDA:58,3,0,-
BRDA:58,3,1,-
DA:63,0
DA:63,0
DA:64,0
DA:64,0
DA:66,0
DA:66,0
DA:68,0
DA:68,0
FN:71,L2VEAnyLocker.pause
FNDA:0,L2VEAnyLocker.pause
DA:72,0
DA:72,0
FN:75,L2VEAnyLocker.unpause
FNDA:0,L2VEAnyLocker.unpause
DA:76,0
DA:76,0
FNF:4
FNH:0
LF:18
LH:0
BRF:8
BRH:0
end_of_record
TN:
SF:src/L2VEFlipCoin.sol
FN:32,L2VEFlipCoin.buy
FNDA:0,L2VEFlipCoin.buy
DA:33,0
DA:33,0
BRDA:33,0,0,-
BRDA:33,0,1,-
DA:34,0
DA:34,0
BRDA:34,1,0,-
BRDA:34,1,1,-
DA:36,0
DA:36,0
DA:37,0
DA:37,0
DA:39,0
DA:39,0
FN:42,L2VEFlipCoin.play
FNDA:0,L2VEFlipCoin.play
DA:43,0
DA:43,0
BRDA:43,2,0,-
BRDA:43,2,1,-
DA:44,0
DA:44,0
BRDA:44,3,0,-
BRDA:44,3,1,-
DA:46,0
DA:46,0
DA:48,0
DA:48,0
DA:48,0
DA:49,0
DA:49,0
DA:49,0
DA:49,0
DA:50,0
DA:50,0
DA:50,0
DA:52,0
BRDA:52,4,0,-
BRDA:52,4,1,-
DA:53,0
DA:53,0
DA:54,0
DA:54,0
DA:56,0
DA:56,0
DA:57,0
DA:57,0
DA:60,0
DA:60,0
DA:62,0
DA:62,0
FN:65,L2VEFlipCoin.claim
FNDA:0,L2VEFlipCoin.claim
DA:66,0
DA:66,0
BRDA:66,5,0,-
BRDA:66,5,1,-
DA:68,0
DA:68,0
DA:69,0
DA:69,0
BRDA:69,6,0,-
BRDA:69,6,1,-
DA:71,0
DA:71,0
DA:72,0
DA:72,0
DA:74,0
DA:74,0
FN:77,L2VEFlipCoin.convertInTickets
FNDA:0,L2VEFlipCoin.convertInTickets
DA:78,0
DA:78,0
BRDA:78,7,0,-
BRDA:78,7,1,-
DA:80,0
DA:80,0
DA:80,0
DA:81,0
DA:81,0
DA:82,0
DA:82,0
DA:84,0
DA:84,0
FN:87,L2VEFlipCoin.setPrice
FNDA:0,L2VEFlipCoin.setPrice
DA:88,0
DA:88,0
BRDA:88,8,0,-
BRDA:88,8,1,-
DA:89,0
DA:89,0
FN:92,L2VEFlipCoin.setMaxTicketsPerTime
FNDA:0,L2VEFlipCoin.setMaxTicketsPerTime
DA:93,0
DA:93,0
BRDA:93,9,0,-
BRDA:93,9,1,-
DA:94,0
DA:94,0
FN:97,L2VEFlipCoin.withdrawLosses
FNDA:0,L2VEFlipCoin.withdrawLosses
DA:98,0
DA:98,0
DA:99,0
DA:99,0
DA:100,0
DA:100,0
DA:102,0
DA:102,0
FN:105,L2VEFlipCoin.withdraw
FNDA:0,L2VEFlipCoin.withdraw
DA:106,0
DA:106,0
DA:107,0
DA:107,0
DA:107,0
DA:108,0
DA:108,0
DA:109,0
DA:109,0
FN:112,L2VEFlipCoin.pause
FNDA:0,L2VEFlipCoin.pause
DA:113,0
DA:113,0
FN:116,L2VEFlipCoin.unpause
FNDA:0,L2VEFlipCoin.unpause
DA:117,0
DA:117,0
FN:120,L2VEFlipCoin.random
FNDA:0,L2VEFlipCoin.random
DA:121,0
DA:121,0
DA:121,0
DA:131,0
DA:131,0
FNF:11
FNH:0
LF:45
LH:0
BRF:20
BRH:0
end_of_record
TN:
SF:src/L2VELocker.sol
FN:19,L2VELocker.lock
FNDA:0,L2VELocker.lock
DA:20,0
DA:20,0
BRDA:20,0,0,-
BRDA:20,0,1,-
DA:21,0
DA:21,0
DA:22,0
DA:22,0
FN:25,L2VELocker.unlock
FNDA:0,L2VELocker.unlock
DA:26,0
DA:26,0
BRDA:26,1,0,-
BRDA:26,1,1,-
DA:27,0
DA:27,0
BRDA:27,2,0,-
BRDA:27,2,1,-
DA:29,0
DA:29,0
DA:29,0
DA:30,0
DA:30,0
FNF:2
FNH:0
LF:7
LH:0
BRF:6
BRH:0
end_of_record
TN:
SF:src/L2VEMultiSender.sol
FN:11,L2VEMultiSender.sendEther
FNDA:1,L2VEMultiSender.sendEther
DA:12,1
DA:12,1
DA:12,4
DA:12,3
DA:13,3
DA:13,3
DA:16,1
DA:16,1
DA:17,1
DA:17,1
BRDA:17,0,0,-
BRDA:17,0,1,-
DA:18,0
DA:18,0
DA:21,1
DA:21,1
FN:24,L2VEMultiSender.sendToken
FNDA:1,L2VEMultiSender.sendToken
DA:25,1
DA:25,1
DA:26,1
DA:26,1
DA:26,4
DA:26,3
DA:27,3
DA:27,3
DA:29,1
DA:29,1
BRDA:29,1,0,-
BRDA:29,1,1,1
DA:30,1
DA:30,1
DA:30,4
DA:30,3
DA:31,3
DA:31,3
BRDA:31,2,0,-
BRDA:31,2,1,3
DA:33,1
DA:33,1
FNF:2
FNH:2
LF:13
LH:12
BRF:6
BRH:2
end_of_record
TN:
SF:src/L2VENFT.sol
FN:64,L2VENFT.pause
FNDA:0,L2VENFT.pause
DA:65,0
DA:65,0
FN:72,L2VENFT.unpause
FNDA:0,L2VENFT.unpause
DA:73,0
DA:73,0
FN:81,L2VENFT.addToBlackList
FNDA:0,L2VENFT.addToBlackList
DA:82,0
DA:82,0
DA:83,0
DA:83,0
FN:91,L2VENFT.removeFromBlacklist
FNDA:0,L2VENFT.removeFromBlacklist
DA:92,0
DA:92,0
DA:93,0
DA:93,0
FN:102,L2VENFT.initialize
FNDA:0,L2VENFT.initialize
DA:107,0
DA:107,0
DA:107,0
DA:107,0
DA:107,0
DA:107,0
BRDA:107,0,0,-
BRDA:107,0,1,-
DA:107,0
DA:108,0
DA:108,0
BRDA:108,1,0,-
BRDA:108,1,1,-
DA:108,0
DA:109,0
DA:109,0
DA:109,0
DA:109,0
DA:109,0
DA:109,0
BRDA:109,2,0,-
BRDA:109,2,1,-
DA:110,0
DA:110,0
DA:113,0
DA:113,0
DA:114,0
DA:114,0
DA:115,0
DA:115,0
DA:116,0
DA:116,0
FN:136,L2VENFT.mint
FNDA:0,L2VENFT.mint
DA:137,0
BRDA:137,3,0,-
BRDA:137,3,1,-
DA:137,0
DA:139,0
DA:139,0
DA:139,0
DA:140,0
DA:140,0
DA:140,0
DA:141,0
DA:141,0
DA:141,0
DA:143,0
DA:143,0
BRDA:143,4,0,-
BRDA:143,4,1,-
DA:143,0
DA:144,0
DA:144,0
DA:144,0
BRDA:144,5,0,-
BRDA:144,5,1,-
DA:144,0
DA:146,0
DA:146,0
DA:148,0
DA:148,0
DA:148,0
BRDA:148,6,0,-
BRDA:148,6,1,-
DA:148,0
DA:149,0
DA:149,0
DA:149,0
BRDA:149,7,0,-
BRDA:149,7,1,-
DA:149,0
DA:150,0
DA:150,0
DA:150,0
BRDA:150,8,0,-
BRDA:150,8,1,-
DA:150,0
DA:152,0
DA:152,0
DA:152,0
DA:152,0
BRDA:152,9,0,-
BRDA:152,9,1,-
DA:152,0
DA:154,0
DA:154,0
DA:154,0
DA:154,0
DA:155,0
DA:155,0
FN:168,L2VENFT.mintForTeam
FNDA:0,L2VENFT.mintForTeam
DA:169,0
DA:169,0
BRDA:169,10,0,-
BRDA:169,10,1,-
DA:169,0
DA:170,0
DA:170,0
BRDA:170,11,0,-
BRDA:170,11,1,-
DA:170,0
DA:171,0
DA:171,0
DA:171,0
DA:171,0
BRDA:171,12,0,-
BRDA:171,12,1,-
DA:171,0
DA:173,0
DA:173,0
DA:173,0
DA:173,0
DA:174,0
DA:174,0
FN:184,L2VENFT._mint
FNDA:0,L2VENFT._mint
DA:185,0
DA:185,0
DA:186,0
DA:186,0
DA:188,0
DA:188,0
DA:189,0
DA:189,0
DA:191,0
DA:191,0
DA:191,0
DA:192,0
DA:192,0
DA:193,0
DA:193,0
DA:195,0
DA:195,0
FN:205,L2VENFT.updatedBaseURI
FNDA:0,L2VENFT.updatedBaseURI
DA:206,0
DA:206,0
DA:207,0
DA:207,0
FN:215,L2VENFT.burnTokensBatched
FNDA:0,L2VENFT.burnTokensBatched
DA:216,0
DA:216,0
DA:217,0
DA:217,0
DA:220,0
DA:220,0
DA:220,0
DA:222,0
DA:222,0
DA:222,0
DA:222,0
DA:223,0
DA:223,0
DA:225,0
DA:225,0
DA:225,0
DA:226,0
DA:226,0
DA:227,0
DA:227,0
DA:228,0
DA:228,0
DA:230,0
DA:230,0
DA:231,0
DA:231,0
DA:234,0
DA:234,0
FN:242,L2VENFT.addPermittedTokens
FNDA:0,L2VENFT.addPermittedTokens
DA:243,0
DA:243,0
DA:243,0
DA:243,0
DA:244,0
DA:244,0
DA:247,0
DA:247,0
FN:257,L2VENFT._generateTokenURI
FNDA:0,L2VENFT._generateTokenURI
DA:258,0
DA:258,0
DA:258,0
DA:259,0
DA:259,0
DA:259,0
DA:260,0
DA:260,0
FN:269,L2VENFT._baseURI
FNDA:0,L2VENFT._baseURI
DA:270,0
DA:270,0
FN:273,L2VENFT._increaseBalance
FNDA:0,L2VENFT._increaseBalance
FN:275,L2VENFT._update
FNDA:0,L2VENFT._update
DA:281,0
DA:281,0
DA:281,0
FN:292,L2VENFT.tokenURI
FNDA:0,L2VENFT.tokenURI
DA:293,0
DA:293,0
DA:293,0
FN:302,L2VENFT.supportsInterface
FNDA:0,L2VENFT.supportsInterface
DA:308,0
DA:308,0
DA:308,0
FN:317,L2VENFT.isL2VEHolder
FNDA:0,L2VENFT.isL2VEHolder
DA:318,0
DA:318,0
DA:318,0
DA:318,0
DA:318,0
FN:327,L2VENFT.isCommunityHolder
FNDA:0,L2VENFT.isCommunityHolder
DA:328,0
DA:328,0
DA:330,0
DA:330,0
DA:330,0
DA:330,0
DA:331,0
DA:331,0
DA:331,0
DA:333,0
DA:333,0
DA:333,0
DA:333,0
DA:333,0
BRDA:333,13,0,-
BRDA:333,13,1,-
DA:334,0
DA:334,0
DA:335,0
DA:335,0
DA:339,0
DA:339,0
FN:347,L2VENFT.getPermittedTokens
FNDA:0,L2VENFT.getPermittedTokens
DA:348,0
DA:348,0
DA:348,0
DA:349,0
DA:349,0
DA:349,0
DA:349,0
DA:350,0
DA:350,0
DA:353,0
DA:353,0
FN:362,L2VENFT.isEligibleForRoundOne
FNDA:0,L2VENFT.isEligibleForRoundOne
DA:363,0
DA:363,0
BRDA:363,14,0,-
BRDA:363,14,1,-
DA:363,0
DA:364,0
DA:364,0
BRDA:364,15,0,-
BRDA:364,15,1,-
DA:364,0
DA:366,0
DA:366,0
FN:375,L2VENFT.isEligibleForRoundTwo
FNDA:0,L2VENFT.isEligibleForRoundTwo
DA:376,0
DA:376,0
DA:376,0
FN:384,L2VENFT.currentRound
FNDA:0,L2VENFT.currentRound
DA:385,0
DA:385,0
DA:385,0
FNF:23
FNH:0
LF:81
LH:0
BRF:32
BRH:0
end_of_record
